<?xml version="1.0" encoding="UTF-8"?>
<testsuite name="com.stationary.bookmanagement.service.BookServiceTest" tests="6" skipped="0" failures="0" errors="0" timestamp="2022-04-01T13:16:26" hostname="XE-GGN-IT-04422" time="0.095">
  <properties/>
  <testcase name="getTotalPriceTestWithDiscount()" classname="com.stationary.bookmanagement.service.BookServiceTest" time="0.069"/>
  <testcase name="testAddNewBook()" classname="com.stationary.bookmanagement.service.BookServiceTest" time="0.017"/>
  <testcase name="testGetAllBooks()" classname="com.stationary.bookmanagement.service.BookServiceTest" time="0.002"/>
  <testcase name="testUpdateBook()" classname="com.stationary.bookmanagement.service.BookServiceTest" time="0.002"/>
  <testcase name="testDeleteBook()" classname="com.stationary.bookmanagement.service.BookServiceTest" time="0.002"/>
  <testcase name="getTotalPriceTestWithoutDiscount()" classname="com.stationary.bookmanagement.service.BookServiceTest" time="0.002"/>
  <system-out><![CDATA[]]></system-out>
  <system-err><![CDATA[]]></system-err>
</testsuite>
