<?xml version="1.0" encoding="UTF-8"?>
<testsuite name="com.stationary.bookmanagement.controller.BookControllerTest" tests="6" skipped="0" failures="0" errors="0" timestamp="2022-04-01T16:00:26" hostname="XE-GGN-IT-04422" time="0.096">
  <properties/>
  <testcase name="updateBookTest()" classname="com.stationary.bookmanagement.controller.BookControllerTest" time="0.057"/>
  <testcase name="deleteBookTest()" classname="com.stationary.bookmanagement.controller.BookControllerTest" time="0.004"/>
  <testcase name="getBookListTest()" classname="com.stationary.bookmanagement.controller.BookControllerTest" time="0.01"/>
  <testcase name="totalPriceTestWithPromotionCode()" classname="com.stationary.bookmanagement.controller.BookControllerTest" time="0.005"/>
  <testcase name="totalPriceTestWithoutPromotionCode()" classname="com.stationary.bookmanagement.controller.BookControllerTest" time="0.004"/>
  <testcase name="saveBookTest()" classname="com.stationary.bookmanagement.controller.BookControllerTest" time="0.006"/>
  <system-out><![CDATA[21:30:22.199 [Test worker] DEBUG org.springframework.test.context.BootstrapUtils - Instantiating CacheAwareContextLoaderDelegate from class [org.springframework.test.context.cache.DefaultCacheAwareContextLoaderDelegate]
21:30:22.210 [Test worker] DEBUG org.springframework.test.context.BootstrapUtils - Instantiating BootstrapContext using constructor [public org.springframework.test.context.support.DefaultBootstrapContext(java.lang.Class,org.springframework.test.context.CacheAwareContextLoaderDelegate)]
21:30:22.244 [Test worker] DEBUG org.springframework.test.context.BootstrapUtils - Instantiating TestContextBootstrapper for test class [com.stationary.bookmanagement.controller.BookControllerTest] from class [org.springframework.boot.test.context.SpringBootTestContextBootstrapper]
21:30:22.257 [Test worker] INFO org.springframework.boot.test.context.SpringBootTestContextBootstrapper - Neither @ContextConfiguration nor @ContextHierarchy found for test class [com.stationary.bookmanagement.controller.BookControllerTest], using SpringBootContextLoader
21:30:22.260 [Test worker] DEBUG org.springframework.test.context.support.AbstractContextLoader - Did not detect default resource location for test class [com.stationary.bookmanagement.controller.BookControllerTest]: class path resource [com/stationary/bookmanagement/controller/BookControllerTest-context.xml] does not exist
21:30:22.260 [Test worker] DEBUG org.springframework.test.context.support.AbstractContextLoader - Did not detect default resource location for test class [com.stationary.bookmanagement.controller.BookControllerTest]: class path resource [com/stationary/bookmanagement/controller/BookControllerTestContext.groovy] does not exist
21:30:22.260 [Test worker] INFO org.springframework.test.context.support.AbstractContextLoader - Could not detect default resource locations for test class [com.stationary.bookmanagement.controller.BookControllerTest]: no resource found for suffixes {-context.xml, Context.groovy}.
21:30:22.308 [Test worker] DEBUG org.springframework.test.context.support.ActiveProfilesUtils - Could not find an 'annotation declaring class' for annotation type [org.springframework.test.context.ActiveProfiles] and class [com.stationary.bookmanagement.controller.BookControllerTest]
21:30:22.419 [Test worker] DEBUG org.springframework.boot.test.context.SpringBootTestContextBootstrapper - @TestExecutionListeners is not present for class [com.stationary.bookmanagement.controller.BookControllerTest]: using defaults.
21:30:22.419 [Test worker] INFO org.springframework.boot.test.context.SpringBootTestContextBootstrapper - Loaded default TestExecutionListener class names from location [META-INF/spring.factories]: [org.springframework.boot.test.autoconfigure.restdocs.RestDocsTestExecutionListener, org.springframework.boot.test.autoconfigure.web.client.MockRestServiceServerResetTestExecutionListener, org.springframework.boot.test.autoconfigure.web.servlet.MockMvcPrintOnlyOnFailureTestExecutionListener, org.springframework.boot.test.autoconfigure.web.servlet.WebDriverTestExecutionListener, org.springframework.boot.test.autoconfigure.webservices.client.MockWebServiceServerTestExecutionListener, org.springframework.boot.test.mock.mockito.MockitoTestExecutionListener, org.springframework.boot.test.mock.mockito.ResetMocksTestExecutionListener, org.springframework.test.context.web.ServletTestExecutionListener, org.springframework.test.context.support.DirtiesContextBeforeModesTestExecutionListener, org.springframework.test.context.event.ApplicationEventsTestExecutionListener, org.springframework.test.context.support.DependencyInjectionTestExecutionListener, org.springframework.test.context.support.DirtiesContextTestExecutionListener, org.springframework.test.context.transaction.TransactionalTestExecutionListener, org.springframework.test.context.jdbc.SqlScriptsTestExecutionListener, org.springframework.test.context.event.EventPublishingTestExecutionListener]
21:30:22.435 [Test worker] INFO org.springframework.boot.test.context.SpringBootTestContextBootstrapper - Using TestExecutionListeners: [org.springframework.test.context.web.ServletTestExecutionListener@3277e499, org.springframework.test.context.support.DirtiesContextBeforeModesTestExecutionListener@585811a4, org.springframework.test.context.event.ApplicationEventsTestExecutionListener@22c01ab0, org.springframework.boot.test.mock.mockito.MockitoTestExecutionListener@411341bd, org.springframework.boot.test.autoconfigure.SpringBootDependencyInjectionTestExecutionListener@4c4d362a, org.springframework.test.context.support.DirtiesContextTestExecutionListener@5400db36, org.springframework.test.context.transaction.TransactionalTestExecutionListener@76b74e9c, org.springframework.test.context.jdbc.SqlScriptsTestExecutionListener@2d72f75e, org.springframework.test.context.event.EventPublishingTestExecutionListener@8ab78bc, org.springframework.boot.test.autoconfigure.restdocs.RestDocsTestExecutionListener@5aa0dbf4, org.springframework.boot.test.autoconfigure.web.client.MockRestServiceServerResetTestExecutionListener@16afbd92, org.springframework.boot.test.autoconfigure.web.servlet.MockMvcPrintOnlyOnFailureTestExecutionListener@2c5d601e, org.springframework.boot.test.autoconfigure.web.servlet.WebDriverTestExecutionListener@7fe083b1, org.springframework.boot.test.autoconfigure.webservices.client.MockWebServiceServerTestExecutionListener@23c388c2, org.springframework.boot.test.mock.mockito.ResetMocksTestExecutionListener@486be205]
21:30:22.439 [Test worker] DEBUG org.springframework.test.context.support.AbstractDirtiesContextTestExecutionListener - Before test class: context [DefaultTestContext@263f04ca testClass = BookControllerTest, testInstance = [null], testMethod = [null], testException = [null], mergedContextConfiguration = [WebMergedContextConfiguration@2ca47471 testClass = BookControllerTest, locations = '{}', classes = '{class com.stationary.bookmanagement.BookManagementApplication}', contextInitializerClasses = '[]', activeProfiles = '{}', propertySourceLocations = '{}', propertySourceProperties = '{org.springframework.boot.test.context.SpringBootTestContextBootstrapper=true, server.port=0}', contextCustomizers = set[org.springframework.boot.test.autoconfigure.actuate.metrics.MetricsExportContextCustomizerFactory$DisableMetricExportContextCustomizer@5e81e5ac, org.springframework.boot.test.autoconfigure.properties.PropertyMappingContextCustomizer@0, org.springframework.boot.test.autoconfigure.web.servlet.WebDriverContextCustomizerFactory$Customizer@607fbe09, org.springframework.boot.test.context.filter.ExcludeFilterContextCustomizer@3382f8ae, org.springframework.boot.test.json.DuplicateJsonObjectContextCustomizerFactory$DuplicateJsonObjectContextCustomizer@6eeade6c, org.springframework.boot.test.mock.mockito.MockitoContextCustomizer@0, org.springframework.boot.test.web.client.TestRestTemplateContextCustomizer@53d1b9b3, org.springframework.boot.test.context.SpringBootTestArgs@1, org.springframework.boot.test.context.SpringBootTestWebEnvironment@78452606], resourceBasePath = 'src/main/webapp', contextLoader = 'org.springframework.boot.test.context.SpringBootContextLoader', parent = [null]], attributes = map['org.springframework.test.context.web.ServletTestExecutionListener.activateListener' -> false]], class annotated with @DirtiesContext [false] with mode [null].
21:30:22.866 [Test worker] DEBUG org.springframework.test.context.support.DependencyInjectionTestExecutionListener - Performing dependency injection for test context [[DefaultTestContext@263f04ca testClass = BookControllerTest, testInstance = com.stationary.bookmanagement.controller.BookControllerTest@7d9ba6c, testMethod = [null], testException = [null], mergedContextConfiguration = [WebMergedContextConfiguration@2ca47471 testClass = BookControllerTest, locations = '{}', classes = '{class com.stationary.bookmanagement.BookManagementApplication}', contextInitializerClasses = '[]', activeProfiles = '{}', propertySourceLocations = '{}', propertySourceProperties = '{org.springframework.boot.test.context.SpringBootTestContextBootstrapper=true, server.port=0}', contextCustomizers = set[org.springframework.boot.test.autoconfigure.actuate.metrics.MetricsExportContextCustomizerFactory$DisableMetricExportContextCustomizer@5e81e5ac, org.springframework.boot.test.autoconfigure.properties.PropertyMappingContextCustomizer@0, org.springframework.boot.test.autoconfigure.web.servlet.WebDriverContextCustomizerFactory$Customizer@607fbe09, org.springframework.boot.test.context.filter.ExcludeFilterContextCustomizer@3382f8ae, org.springframework.boot.test.json.DuplicateJsonObjectContextCustomizerFactory$DuplicateJsonObjectContextCustomizer@6eeade6c, org.springframework.boot.test.mock.mockito.MockitoContextCustomizer@0, org.springframework.boot.test.web.client.TestRestTemplateContextCustomizer@53d1b9b3, org.springframework.boot.test.context.SpringBootTestArgs@1, org.springframework.boot.test.context.SpringBootTestWebEnvironment@78452606], resourceBasePath = 'src/main/webapp', contextLoader = 'org.springframework.boot.test.context.SpringBootContextLoader', parent = [null]], attributes = map['org.springframework.test.context.web.ServletTestExecutionListener.activateListener' -> false, 'org.springframework.test.context.event.ApplicationEventsTestExecutionListener.recordApplicationEvents' -> false, 'org.springframework.boot.test.mock.mockito.MockitoTestExecutionListener.mocks' -> org.mockito.internal.configuration.InjectingAnnotationEngine$$Lambda$416/0x0000000800380c40@8deb645]]].

  .   ____          _            __ _ _
 /\\ / ___'_ __ _ _(_)_ __  __ _ \ \ \ \
( ( )\___ | '_ | '_| | '_ \/ _` | \ \ \ \
 \\/  ___)| |_)| | | | | || (_| |  ) ) ) )
  '  |____| .__|_| |_|_| |_\__, | / / / /
 =========|_|==============|___/=/_/_/_/
 :: Spring Boot ::                (v2.6.3)

2022-04-01 21:30:23.146  INFO 22898 --- [    Test worker] c.s.b.controller.BookControllerTest      : Starting BookControllerTest using Java 11.0.13 on XE-GGN-IT-04422 with PID 22898 (started by hariom.garg in /Users/hariom.garg/Documents/ahbservice/bookmanagement)
2022-04-01 21:30:23.147  INFO 22898 --- [    Test worker] c.s.b.controller.BookControllerTest      : No active profile set, falling back to default profiles: default
2022-04-01 21:30:23.654  INFO 22898 --- [    Test worker] .s.d.r.c.RepositoryConfigurationDelegate : Bootstrapping Spring Data JPA repositories in DEFAULT mode.
2022-04-01 21:30:23.693  INFO 22898 --- [    Test worker] .s.d.r.c.RepositoryConfigurationDelegate : Finished Spring Data repository scanning in 32 ms. Found 1 JPA repository interfaces.
2022-04-01 21:30:24.258  INFO 22898 --- [    Test worker] o.s.b.w.embedded.tomcat.TomcatWebServer  : Tomcat initialized with port(s): 0 (http)
2022-04-01 21:30:24.269  INFO 22898 --- [    Test worker] o.apache.catalina.core.StandardService   : Starting service [Tomcat]
2022-04-01 21:30:24.270  INFO 22898 --- [    Test worker] org.apache.catalina.core.StandardEngine  : Starting Servlet engine: [Apache Tomcat/9.0.56]
2022-04-01 21:30:24.376  INFO 22898 --- [    Test worker] o.a.c.c.C.[Tomcat].[localhost].[/]       : Initializing Spring embedded WebApplicationContext
2022-04-01 21:30:24.376  INFO 22898 --- [    Test worker] w.s.c.ServletWebServerApplicationContext : Root WebApplicationContext: initialization completed in 1209 ms
2022-04-01 21:30:24.432  INFO 22898 --- [    Test worker] com.zaxxer.hikari.HikariDataSource       : HikariPool-1 - Starting...
2022-04-01 21:30:24.522  INFO 22898 --- [    Test worker] com.zaxxer.hikari.pool.PoolBase          : HikariPool-1 - Driver does not support get/set network timeout for connections. (Receiver class org.h2.jdbc.JdbcConnection does not define or inherit an implementation of the resolved method 'abstract int getNetworkTimeout()' of interface java.sql.Connection.)
2022-04-01 21:30:24.530  INFO 22898 --- [    Test worker] com.zaxxer.hikari.HikariDataSource       : HikariPool-1 - Start completed.
2022-04-01 21:30:24.541  INFO 22898 --- [    Test worker] o.s.b.a.h2.H2ConsoleAutoConfiguration    : H2 console available at '/h2-console'. Database available at 'jdbc:h2:mem:book'
2022-04-01 21:30:24.778  INFO 22898 --- [    Test worker] o.hibernate.jpa.internal.util.LogHelper  : HHH000204: Processing PersistenceUnitInfo [name: default]
2022-04-01 21:30:24.839  INFO 22898 --- [    Test worker] org.hibernate.Version                    : HHH000412: Hibernate ORM core version 5.6.4.Final
2022-04-01 21:30:24.895  INFO 22898 --- [    Test worker] o.hibernate.annotations.common.Version   : HCANN000001: Hibernate Commons Annotations {5.1.2.Final}
2022-04-01 21:30:25.006  INFO 22898 --- [    Test worker] org.hibernate.dialect.Dialect            : HHH000400: Using dialect: org.hibernate.dialect.H2Dialect
Hibernate: create table book (id bigint generated by default as identity, author varchar(255), description varchar(255), isbn varchar(255), name varchar(255), price double, type varchar(255), primary key (id))
2022-04-01 21:30:25.398  INFO 22898 --- [    Test worker] o.h.e.t.j.p.i.JtaPlatformInitiator       : HHH000490: Using JtaPlatform implementation: [org.hibernate.engine.transaction.jta.platform.internal.NoJtaPlatform]
2022-04-01 21:30:25.404  INFO 22898 --- [    Test worker] j.LocalContainerEntityManagerFactoryBean : Initialized JPA EntityManagerFactory for persistence unit 'default'
2022-04-01 21:30:25.678  WARN 22898 --- [    Test worker] JpaBaseConfiguration$JpaWebConfiguration : spring.jpa.open-in-view is enabled by default. Therefore, database queries may be performed during view rendering. Explicitly configure spring.jpa.open-in-view to disable this warning
2022-04-01 21:30:26.279  INFO 22898 --- [    Test worker] o.s.b.w.embedded.tomcat.TomcatWebServer  : Tomcat started on port(s): 53378 (http) with context path ''
2022-04-01 21:30:26.290  INFO 22898 --- [    Test worker] c.s.b.controller.BookControllerTest      : Started BookControllerTest in 3.404 seconds (JVM running for 5.152)
]]></system-out>
  <system-err><![CDATA[]]></system-err>
</testsuite>
