<?xml version="1.0" encoding="UTF-8"?>
<testsuite name="com.stationary.bookmanagement.service.BookServiceTest" tests="6" skipped="0" failures="0" errors="0" timestamp="2022-04-01T16:00:26" hostname="XE-GGN-IT-04422" time="0.124">
  <properties/>
  <testcase name="getTotalPriceTestWithDiscount()" classname="com.stationary.bookmanagement.service.BookServiceTest" time="0.092"/>
  <testcase name="testAddNewBook()" classname="com.stationary.bookmanagement.service.BookServiceTest" time="0.02"/>
  <testcase name="testGetAllBooks()" classname="com.stationary.bookmanagement.service.BookServiceTest" time="0.001"/>
  <testcase name="testUpdateBook()" classname="com.stationary.bookmanagement.service.BookServiceTest" time="0.002"/>
  <testcase name="testDeleteBook()" classname="com.stationary.bookmanagement.service.BookServiceTest" time="0.002"/>
  <testcase name="getTotalPriceTestWithoutDiscount()" classname="com.stationary.bookmanagement.service.BookServiceTest" time="0.003"/>
  <system-out><![CDATA[]]></system-out>
  <system-err><![CDATA[]]></system-err>
</testsuite>
